[2023-07-26 13:02:45] local.ERROR: SQLSTATE[23000]: Integrity constraint violation: 1048 Column 'product_views' cannot be null (SQL: insert into `product` (`user_id`, `product_token`, `product_name`, `product_slug`, `product_category`, `product_short_desc`, `product_desc`, `regular_price`, `extended_price`, `product_image`, `product_video_url`, `product_demo_url`, `product_allow_seo`, `product_seo_keyword`, `product_seo_desc`, `product_tags`, `product_flash_sale`, `product_free`, `download_count`, `product_views`, `product_liked`, `product_sold`, `product_featured`, `product_file`, `package_includes`, `compatible_browsers`, `future_update`, `item_support`, `product_date`, `product_update`, `product_status`, `product_drop_status`) values (1, tY1zHrl12AKTvS8w2O9thHrvW, again, again, 60, tee, <p>fdsafas</p>, 86, ?, tue-dec-13-2022-659-am72989.jpg, ?, ?, ?, ?, ?, ?, ?, ?, ?, ?, 0, ?, ?, tue-dec-13-2022-659-am86707.zip, ?, ?, ?, ?, 2022-12-13 06:59:59, 2022-12-13 07:36:57, 1, yes)) {"userId":1,"exception":"[object] (Illuminate\\Database\\QueryException(code: 23000): SQLSTATE[23000]: Integrity constraint violation: 1048 Column 'product_views' cannot be null (SQL: insert into `product` (`user_id`, `product_token`, `product_name`, `product_slug`, `product_category`, `product_short_desc`, `product_desc`, `regular_price`, `extended_price`, `product_image`, `product_video_url`, `product_demo_url`, `product_allow_seo`, `product_seo_keyword`, `product_seo_desc`, `product_tags`, `product_flash_sale`, `product_free`, `download_count`, `product_views`, `product_liked`, `product_sold`, `product_featured`, `product_file`, `package_includes`, `compatible_browsers`, `future_update`, `item_support`, `product_date`, `product_update`, `product_status`, `product_drop_status`) values (1, tY1zHrl12AKTvS8w2O9thHrvW, again, again, 60, tee, <p>fdsafas</p>, 86, ?, tue-dec-13-2022-659-am72989.jpg, ?, ?, ?, ?, ?, ?, ?, ?, ?, ?, 0, ?, ?, tue-dec-13-2022-659-am86707.zip, ?, ?, ?, ?, 2022-12-13 06:59:59, 2022-12-13 07:36:57, 1, yes)) at E:\\xampp\\htdocs\\downgrade\\vendor\\laravel\\framework\\src\\Illuminate\\Database\\Connection.php:712)
[stacktrace]
#0 E:\\xampp\\htdocs\\downgrade\\vendor\\laravel\\framework\\src\\Illuminate\\Database\\Connection.php(672): Illuminate\\Database\\Connection->runQueryCallback('insert into `pr...', Array, Object(Closure))
#1 E:\\xampp\\htdocs\\downgrade\\vendor\\laravel\\framework\\src\\Illuminate\\Database\\Connection.php(502): Illuminate\\Database\\Connection->run('insert into `pr...', Array, Object(Closure))
#2 E:\\xampp\\htdocs\\downgrade\\vendor\\laravel\\framework\\src\\Illuminate\\Database\\Connection.php(454): Illuminate\\Database\\Connection->statement('insert into `pr...', Array)
#3 E:\\xampp\\htdocs\\downgrade\\vendor\\laravel\\framework\\src\\Illuminate\\Database\\Query\\Processors\\Processor.php(32): Illuminate\\Database\\Connection->insert('insert into `pr...', Array)
#4 E:\\xampp\\htdocs\\downgrade\\vendor\\laravel\\framework\\src\\Illuminate\\Database\\Query\\Builder.php(3028): Illuminate\\Database\\Query\\Processors\\Processor->processInsertGetId(Object(Illuminate\\Database\\Query\\Builder), 'insert into `pr...', Array, 'id')
#5 E:\\xampp\\htdocs\\downgrade\\vendor\\laravel\\framework\\src\\Illuminate\\Database\\Eloquent\\Builder.php(1657): Illuminate\\Database\\Query\\Builder->insertGetId(Array, 'id')
#6 E:\\xampp\\htdocs\\downgrade\\vendor\\laravel\\framework\\src\\Illuminate\\Database\\Eloquent\\Model.php(1188): Illuminate\\Database\\Eloquent\\Builder->__call('insertGetId', Array)
#7 E:\\xampp\\htdocs\\downgrade\\vendor\\laravel\\framework\\src\\Illuminate\\Database\\Eloquent\\Model.php(1153): Illuminate\\Database\\Eloquent\\Model->insertAndSetId(Object(Illuminate\\Database\\Eloquent\\Builder), Array)
#8 E:\\xampp\\htdocs\\downgrade\\vendor\\laravel\\framework\\src\\Illuminate\\Database\\Eloquent\\Model.php(994): Illuminate\\Database\\Eloquent\\Model->performInsert(Object(Illuminate\\Database\\Eloquent\\Builder))
#9 E:\\xampp\\htdocs\\downgrade\\vendor\\laravel\\framework\\src\\Illuminate\\Database\\Eloquent\\Model.php(1023): Illuminate\\Database\\Eloquent\\Model->save(Array)
#10 E:\\xampp\\htdocs\\downgrade\\vendor\\laravel\\framework\\src\\Illuminate\\Database\\Concerns\\ManagesTransactions.php(29): Illuminate\\Database\\Eloquent\\Model->Illuminate\\Database\\Eloquent\\{closure}(Object(Illuminate\\Database\\MySqlConnection))
#11 E:\\xampp\\htdocs\\downgrade\\vendor\\laravel\\framework\\src\\Illuminate\\Database\\Eloquent\\Model.php(1024): Illuminate\\Database\\Connection->transaction(Object(Closure))
#12 E:\\xampp\\htdocs\\downgrade\\vendor\\maatwebsite\\excel\\src\\Imports\\ModelManager.php(152): Illuminate\\Database\\Eloquent\\Model->saveOrFail()
#13 E:\\xampp\\htdocs\\downgrade\\vendor\\laravel\\framework\\src\\Illuminate\\Collections\\Traits\\EnumeratesValues.php(245): Maatwebsite\\Excel\\Imports\\ModelManager->Maatwebsite\\Excel\\Imports\\{closure}(Object(DownGrade\\Models\\Import), 0)
#14 E:\\xampp\\htdocs\\downgrade\\vendor\\maatwebsite\\excel\\src\\Imports\\ModelManager.php(161): Illuminate\\Support\\Collection->each(Object(Closure))
#15 E:\\xampp\\htdocs\\downgrade\\vendor\\laravel\\framework\\src\\Illuminate\\Collections\\Traits\\EnumeratesValues.php(245): Maatwebsite\\Excel\\Imports\\ModelManager->Maatwebsite\\Excel\\Imports\\{closure}(Array, 13)
#16 E:\\xampp\\htdocs\\downgrade\\vendor\\maatwebsite\\excel\\src\\Imports\\ModelManager.php(162): Illuminate\\Support\\Collection->each(Object(Closure))
#17 E:\\xampp\\htdocs\\downgrade\\vendor\\maatwebsite\\excel\\src\\Imports\\ModelManager.php(73): Maatwebsite\\Excel\\Imports\\ModelManager->singleFlush(Object(DownGrade\\Models\\ImportProduct))
#18 E:\\xampp\\htdocs\\downgrade\\vendor\\maatwebsite\\excel\\src\\Imports\\ModelImporter.php(82): Maatwebsite\\Excel\\Imports\\ModelManager->flush(Object(DownGrade\\Models\\ImportProduct), false)
#19 E:\\xampp\\htdocs\\downgrade\\vendor\\maatwebsite\\excel\\src\\Sheet.php(258): Maatwebsite\\Excel\\Imports\\ModelImporter->import(Object(PhpOffice\\PhpSpreadsheet\\Worksheet\\Worksheet), Object(DownGrade\\Models\\ImportProduct), 1)
#20 E:\\xampp\\htdocs\\downgrade\\vendor\\maatwebsite\\excel\\src\\Reader.php(116): Maatwebsite\\Excel\\Sheet->import(Object(DownGrade\\Models\\ImportProduct), 1)
#21 E:\\xampp\\htdocs\\downgrade\\vendor\\laravel\\framework\\src\\Illuminate\\Database\\Concerns\\ManagesTransactions.php(29): Maatwebsite\\Excel\\Reader->Maatwebsite\\Excel\\{closure}(Object(Illuminate\\Database\\MySqlConnection))
#22 E:\\xampp\\htdocs\\downgrade\\vendor\\maatwebsite\\excel\\src\\Transactions\\DbTransactionHandler.php(30): Illuminate\\Database\\Connection->transaction(Object(Closure))
#23 E:\\xampp\\htdocs\\downgrade\\vendor\\maatwebsite\\excel\\src\\Reader.php(130): Maatwebsite\\Excel\\Transactions\\DbTransactionHandler->__invoke(Object(Closure))
#24 E:\\xampp\\htdocs\\downgrade\\vendor\\maatwebsite\\excel\\src\\Excel.php(146): Maatwebsite\\Excel\\Reader->read(Object(DownGrade\\Models\\ImportProduct), Object(Illuminate\\Http\\UploadedFile), 'Xlsx', NULL)
#25 E:\\xampp\\htdocs\\downgrade\\vendor\\laravel\\framework\\src\\Illuminate\\Support\\Facades\\Facade.php(261): Maatwebsite\\Excel\\Excel->import(Object(DownGrade\\Models\\ImportProduct), Object(Illuminate\\Http\\UploadedFile))
#26 E:\\xampp\\htdocs\\downgrade\\app\\Http\\Controllers\\Admin\\ImportExportController.php(60): Illuminate\\Support\\Facades\\Facade::__callStatic('import', Array)
#27 E:\\xampp\\htdocs\\downgrade\\vendor\\laravel\\framework\\src\\Illuminate\\Routing\\Controller.php(54): DownGrade\\Http\\Controllers\\Admin\\ImportExportController->products_import(Object(Illuminate\\Http\\Request))
#28 E:\\xampp\\htdocs\\downgrade\\vendor\\laravel\\framework\\src\\Illuminate\\Routing\\ControllerDispatcher.php(45): Illuminate\\Routing\\Controller->callAction('products_import', Array)
#29 E:\\xampp\\htdocs\\downgrade\\vendor\\laravel\\framework\\src\\Illuminate\\Routing\\Route.php(262): Illuminate\\Routing\\ControllerDispatcher->dispatch(Object(Illuminate\\Routing\\Route), Object(DownGrade\\Http\\Controllers\\Admin\\ImportExportController), 'products_import')
#30 E:\\xampp\\htdocs\\downgrade\\vendor\\laravel\\framework\\src\\Illuminate\\Routing\\Route.php(205): Illuminate\\Routing\\Route->runController()
#31 E:\\xampp\\htdocs\\downgrade\\vendor\\laravel\\framework\\src\\Illuminate\\Routing\\Router.php(721): Illuminate\\Routing\\Route->run()
#32 E:\\xampp\\htdocs\\downgrade\\vendor\\laravel\\framework\\src\\Illuminate\\Pipeline\\Pipeline.php(128): Illuminate\\Routing\\Router->Illuminate\\Routing\\{closure}(Object(Illuminate\\Http\\Request))
#33 E:\\xampp\\htdocs\\downgrade\\app\\Http\\Middleware\\HtmlMinifier.php(20): Illuminate\\Pipeline\\Pipeline->Illuminate\\Pipeline\\{closure}(Object(Illuminate\\Http\\Request))
#34 E:\\xampp\\htdocs\\downgrade\\vendor\\laravel\\framework\\src\\Illuminate\\Pipeline\\Pipeline.php(167): DownGrade\\Http\\Middleware\\HtmlMinifier->handle(Object(Illuminate\\Http\\Request), Object(Closure))
#35 E:\\xampp\\htdocs\\downgrade\\app\\Http\\Middleware\\XSS.php(24): Illuminate\\Pipeline\\Pipeline->Illuminate\\Pipeline\\{closure}(Object(Illuminate\\Http\\Request))
#36 E:\\xampp\\htdocs\\downgrade\\vendor\\laravel\\framework\\src\\Illuminate\\Pipeline\\Pipeline.php(167): DownGrade\\Http\\Middleware\\XSS->handle(Object(Illuminate\\Http\\Request), Object(Closure))
#37 E:\\xampp\\htdocs\\downgrade\\app\\Http\\Middleware\\IsAdmin.php(19): Illuminate\\Pipeline\\Pipeline->Illuminate\\Pipeline\\{closure}(Object(Illuminate\\Http\\Request))
#38 E:\\xampp\\htdocs\\downgrade\\vendor\\laravel\\framework\\src\\Illuminate\\Pipeline\\Pipeline.php(167): DownGrade\\Http\\Middleware\\IsAdmin->handle(Object(Illuminate\\Http\\Request), Object(Closure))
#39 E:\\xampp\\htdocs\\downgrade\\app\\Http\\Middleware\\Localization.php(22): Illuminate\\Pipeline\\Pipeline->Illuminate\\Pipeline\\{closure}(Object(Illuminate\\Http\\Request))
#40 E:\\xampp\\htdocs\\downgrade\\vendor\\laravel\\framework\\src\\Illuminate\\Pipeline\\Pipeline.php(167): DownGrade\\Http\\Middleware\\Localization->handle(Object(Illuminate\\Http\\Request), Object(Closure))
#41 E:\\xampp\\htdocs\\downgrade\\vendor\\laravel\\framework\\src\\Illuminate\\Routing\\Middleware\\SubstituteBindings.php(50): Illuminate\\Pipeline\\Pipeline->Illuminate\\Pipeline\\{closure}(Object(Illuminate\\Http\\Request))
#42 E:\\xampp\\htdocs\\downgrade\\vendor\\laravel\\framework\\src\\Illuminate\\Pipeline\\Pipeline.php(167): Illuminate\\Routing\\Middleware\\SubstituteBindings->handle(Object(Illuminate\\Http\\Request), Object(Closure))
#43 E:\\xampp\\htdocs\\downgrade\\vendor\\laravel\\framework\\src\\Illuminate\\Auth\\Middleware\\Authenticate.php(44): Illuminate\\Pipeline\\Pipeline->Illuminate\\Pipeline\\{closure}(Object(Illuminate\\Http\\Request))
#44 E:\\xampp\\htdocs\\downgrade\\vendor\\laravel\\framework\\src\\Illuminate\\Pipeline\\Pipeline.php(167): Illuminate\\Auth\\Middleware\\Authenticate->handle(Object(Illuminate\\Http\\Request), Object(Closure))
#45 E:\\xampp\\htdocs\\downgrade\\vendor\\laravel\\framework\\src\\Illuminate\\Foundation\\Http\\Middleware\\VerifyCsrfToken.php(78): Illuminate\\Pipeline\\Pipeline->Illuminate\\Pipeline\\{closure}(Object(Illuminate\\Http\\Request))
#46 E:\\xampp\\htdocs\\downgrade\\vendor\\laravel\\framework\\src\\Illuminate\\Pipeline\\Pipeline.php(167): Illuminate\\Foundation\\Http\\Middleware\\VerifyCsrfToken->handle(Object(Illuminate\\Http\\Request), Object(Closure))
#47 E:\\xampp\\htdocs\\downgrade\\vendor\\laravel\\framework\\src\\Illuminate\\View\\Middleware\\ShareErrorsFromSession.php(49): Illuminate\\Pipeline\\Pipeline->Illuminate\\Pipeline\\{closure}(Object(Illuminate\\Http\\Request))
#48 E:\\xampp\\htdocs\\downgrade\\vendor\\laravel\\framework\\src\\Illuminate\\Pipeline\\Pipeline.php(167): Illuminate\\View\\Middleware\\ShareErrorsFromSession->handle(Object(Illuminate\\Http\\Request), Object(Closure))
#49 E:\\xampp\\htdocs\\downgrade\\vendor\\laravel\\framework\\src\\Illuminate\\Session\\Middleware\\StartSession.php(121): Illuminate\\Pipeline\\Pipeline->Illuminate\\Pipeline\\{closure}(Object(Illuminate\\Http\\Request))
#50 E:\\xampp\\htdocs\\downgrade\\vendor\\laravel\\framework\\src\\Illuminate\\Session\\Middleware\\StartSession.php(64): Illuminate\\Session\\Middleware\\StartSession->handleStatefulRequest(Object(Illuminate\\Http\\Request), Object(Illuminate\\Session\\Store), Object(Closure))
#51 E:\\xampp\\htdocs\\downgrade\\vendor\\laravel\\framework\\src\\Illuminate\\Pipeline\\Pipeline.php(167): Illuminate\\Session\\Middleware\\StartSession->handle(Object(Illuminate\\Http\\Request), Object(Closure))
#52 E:\\xampp\\htdocs\\downgrade\\vendor\\laravel\\framework\\src\\Illuminate\\Cookie\\Middleware\\AddQueuedCookiesToResponse.php(37): Illuminate\\Pipeline\\Pipeline->Illuminate\\Pipeline\\{closure}(Object(Illuminate\\Http\\Request))
#53 E:\\xampp\\htdocs\\downgrade\\vendor\\laravel\\framework\\src\\Illuminate\\Pipeline\\Pipeline.php(167): Illuminate\\Cookie\\Middleware\\AddQueuedCookiesToResponse->handle(Object(Illuminate\\Http\\Request), Object(Closure))
#54 E:\\xampp\\htdocs\\downgrade\\vendor\\laravel\\framework\\src\\Illuminate\\Cookie\\Middleware\\EncryptCookies.php(67): Illuminate\\Pipeline\\Pipeline->Illuminate\\Pipeline\\{closure}(Object(Illuminate\\Http\\Request))
#55 E:\\xampp\\htdocs\\downgrade\\vendor\\laravel\\framework\\src\\Illuminate\\Pipeline\\Pipeline.php(167): Illuminate\\Cookie\\Middleware\\EncryptCookies->handle(Object(Illuminate\\Http\\Request), Object(Closure))
#56 E:\\xampp\\htdocs\\downgrade\\vendor\\laravel\\framework\\src\\Illuminate\\Pipeline\\Pipeline.php(103): Illuminate\\Pipeline\\Pipeline->Illuminate\\Pipeline\\{closure}(Object(Illuminate\\Http\\Request))
#57 E:\\xampp\\htdocs\\downgrade\\vendor\\laravel\\framework\\src\\Illuminate\\Routing\\Router.php(723): Illuminate\\Pipeline\\Pipeline->then(Object(Closure))
#58 E:\\xampp\\htdocs\\downgrade\\vendor\\laravel\\framework\\src\\Illuminate\\Routing\\Router.php(698): Illuminate\\Routing\\Router->runRouteWithinStack(Object(Illuminate\\Routing\\Route), Object(Illuminate\\Http\\Request))
#59 E:\\xampp\\htdocs\\downgrade\\vendor\\laravel\\framework\\src\\Illuminate\\Routing\\Router.php(662): Illuminate\\Routing\\Router->runRoute(Object(Illuminate\\Http\\Request), Object(Illuminate\\Routing\\Route))
#60 E:\\xampp\\htdocs\\downgrade\\vendor\\laravel\\framework\\src\\Illuminate\\Routing\\Router.php(651): Illuminate\\Routing\\Router->dispatchToRoute(Object(Illuminate\\Http\\Request))
#61 E:\\xampp\\htdocs\\downgrade\\vendor\\laravel\\framework\\src\\Illuminate\\Foundation\\Http\\Kernel.php(167): Illuminate\\Routing\\Router->dispatch(Object(Illuminate\\Http\\Request))
#62 E:\\xampp\\htdocs\\downgrade\\vendor\\laravel\\framework\\src\\Illuminate\\Pipeline\\Pipeline.php(128): Illuminate\\Foundation\\Http\\Kernel->Illuminate\\Foundation\\Http\\{closure}(Object(Illuminate\\Http\\Request))
#63 E:\\xampp\\htdocs\\downgrade\\app\\Http\\Middleware\\FrameHeadersMiddleware.php(20): Illuminate\\Pipeline\\Pipeline->Illuminate\\Pipeline\\{closure}(Object(Illuminate\\Http\\Request))
#64 E:\\xampp\\htdocs\\downgrade\\vendor\\laravel\\framework\\src\\Illuminate\\Pipeline\\Pipeline.php(167): DownGrade\\Http\\Middleware\\FrameHeadersMiddleware->handle(Object(Illuminate\\Http\\Request), Object(Closure))
#65 E:\\xampp\\htdocs\\downgrade\\vendor\\renatomarinho\\laravel-page-speed\\src\\Middleware\\PageSpeed.php(30): Illuminate\\Pipeline\\Pipeline->Illuminate\\Pipeline\\{closure}(Object(Illuminate\\Http\\Request))
#66 E:\\xampp\\htdocs\\downgrade\\vendor\\laravel\\framework\\src\\Illuminate\\Pipeline\\Pipeline.php(167): RenatoMarinho\\LaravelPageSpeed\\Middleware\\PageSpeed->handle(Object(Illuminate\\Http\\Request), Object(Closure))
#67 E:\\xampp\\htdocs\\downgrade\\vendor\\renatomarinho\\laravel-page-speed\\src\\Middleware\\PageSpeed.php(30): Illuminate\\Pipeline\\Pipeline->Illuminate\\Pipeline\\{closure}(Object(Illuminate\\Http\\Request))
#68 E:\\xampp\\htdocs\\downgrade\\vendor\\laravel\\framework\\src\\Illuminate\\Pipeline\\Pipeline.php(167): RenatoMarinho\\LaravelPageSpeed\\Middleware\\PageSpeed->handle(Object(Illuminate\\Http\\Request), Object(Closure))
#69 E:\\xampp\\htdocs\\downgrade\\vendor\\fideloper\\proxy\\src\\TrustProxies.php(57): Illuminate\\Pipeline\\Pipeline->Illuminate\\Pipeline\\{closure}(Object(Illuminate\\Http\\Request))
#70 E:\\xampp\\htdocs\\downgrade\\vendor\\laravel\\framework\\src\\Illuminate\\Pipeline\\Pipeline.php(167): Fideloper\\Proxy\\TrustProxies->handle(Object(Illuminate\\Http\\Request), Object(Closure))
#71 E:\\xampp\\htdocs\\downgrade\\vendor\\laravel\\framework\\src\\Illuminate\\Foundation\\Http\\Middleware\\TransformsRequest.php(21): Illuminate\\Pipeline\\Pipeline->Illuminate\\Pipeline\\{closure}(Object(Illuminate\\Http\\Request))
#72 E:\\xampp\\htdocs\\downgrade\\vendor\\laravel\\framework\\src\\Illuminate\\Foundation\\Http\\Middleware\\ConvertEmptyStringsToNull.php(31): Illuminate\\Foundation\\Http\\Middleware\\TransformsRequest->handle(Object(Illuminate\\Http\\Request), Object(Closure))
#73 E:\\xampp\\htdocs\\downgrade\\vendor\\laravel\\framework\\src\\Illuminate\\Pipeline\\Pipeline.php(167): Illuminate\\Foundation\\Http\\Middleware\\ConvertEmptyStringsToNull->handle(Object(Illuminate\\Http\\Request), Object(Closure))
#74 E:\\xampp\\htdocs\\downgrade\\app\\Http\\Middleware\\CheckReferral.php(20): Illuminate\\Pipeline\\Pipeline->Illuminate\\Pipeline\\{closure}(Object(Illuminate\\Http\\Request))
#75 E:\\xampp\\htdocs\\downgrade\\vendor\\laravel\\framework\\src\\Illuminate\\Pipeline\\Pipeline.php(167): DownGrade\\Http\\Middleware\\CheckReferral->handle(Object(Illuminate\\Http\\Request), Object(Closure))
#76 E:\\xampp\\htdocs\\downgrade\\vendor\\laravel\\framework\\src\\Illuminate\\Foundation\\Http\\Middleware\\TransformsRequest.php(21): Illuminate\\Pipeline\\Pipeline->Illuminate\\Pipeline\\{closure}(Object(Illuminate\\Http\\Request))
#77 E:\\xampp\\htdocs\\downgrade\\vendor\\laravel\\framework\\src\\Illuminate\\Foundation\\Http\\Middleware\\TrimStrings.php(40): Illuminate\\Foundation\\Http\\Middleware\\TransformsRequest->handle(Object(Illuminate\\Http\\Request), Object(Closure))
#78 E:\\xampp\\htdocs\\downgrade\\vendor\\laravel\\framework\\src\\Illuminate\\Pipeline\\Pipeline.php(167): Illuminate\\Foundation\\Http\\Middleware\\TrimStrings->handle(Object(Illuminate\\Http\\Request), Object(Closure))
#79 E:\\xampp\\htdocs\\downgrade\\vendor\\laravel\\framework\\src\\Illuminate\\Foundation\\Http\\Middleware\\ValidatePostSize.php(27): Illuminate\\Pipeline\\Pipeline->Illuminate\\Pipeline\\{closure}(Object(Illuminate\\Http\\Request))
#80 E:\\xampp\\htdocs\\downgrade\\vendor\\laravel\\framework\\src\\Illuminate\\Pipeline\\Pipeline.php(167): Illuminate\\Foundation\\Http\\Middleware\\ValidatePostSize->handle(Object(Illuminate\\Http\\Request), Object(Closure))
#81 E:\\xampp\\htdocs\\downgrade\\vendor\\laravel\\framework\\src\\Illuminate\\Foundation\\Http\\Middleware\\PreventRequestsDuringMaintenance.php(86): Illuminate\\Pipeline\\Pipeline->Illuminate\\Pipeline\\{closure}(Object(Illuminate\\Http\\Request))
#82 E:\\xampp\\htdocs\\downgrade\\vendor\\laravel\\framework\\src\\Illuminate\\Pipeline\\Pipeline.php(167): Illuminate\\Foundation\\Http\\Middleware\\PreventRequestsDuringMaintenance->handle(Object(Illuminate\\Http\\Request), Object(Closure))
#83 E:\\xampp\\htdocs\\downgrade\\vendor\\laravel\\framework\\src\\Illuminate\\Pipeline\\Pipeline.php(103): Illuminate\\Pipeline\\Pipeline->Illuminate\\Pipeline\\{closure}(Object(Illuminate\\Http\\Request))
#84 E:\\xampp\\htdocs\\downgrade\\vendor\\laravel\\framework\\src\\Illuminate\\Foundation\\Http\\Kernel.php(142): Illuminate\\Pipeline\\Pipeline->then(Object(Closure))
#85 E:\\xampp\\htdocs\\downgrade\\vendor\\laravel\\framework\\src\\Illuminate\\Foundation\\Http\\Kernel.php(111): Illuminate\\Foundation\\Http\\Kernel->sendRequestThroughRouter(Object(Illuminate\\Http\\Request))
#86 E:\\xampp\\htdocs\\downgrade\\index.php(54): Illuminate\\Foundation\\Http\\Kernel->handle(Object(Illuminate\\Http\\Request))
#87 {main}

[previous exception] [object] (PDOException(code: 23000): SQLSTATE[23000]: Integrity constraint violation: 1048 Column 'product_views' cannot be null at E:\\xampp\\htdocs\\downgrade\\vendor\\laravel\\framework\\src\\Illuminate\\Database\\Connection.php:501)
[stacktrace]
#0 E:\\xampp\\htdocs\\downgrade\\vendor\\laravel\\framework\\src\\Illuminate\\Database\\Connection.php(501): PDOStatement->execute()
#1 E:\\xampp\\htdocs\\downgrade\\vendor\\laravel\\framework\\src\\Illuminate\\Database\\Connection.php(705): Illuminate\\Database\\Connection->Illuminate\\Database\\{closure}('insert into `pr...', Array)
#2 E:\\xampp\\htdocs\\downgrade\\vendor\\laravel\\framework\\src\\Illuminate\\Database\\Connection.php(672): Illuminate\\Database\\Connection->runQueryCallback('insert into `pr...', Array, Object(Closure))
#3 E:\\xampp\\htdocs\\downgrade\\vendor\\laravel\\framework\\src\\Illuminate\\Database\\Connection.php(502): Illuminate\\Database\\Connection->run('insert into `pr...', Array, Object(Closure))
#4 E:\\xampp\\htdocs\\downgrade\\vendor\\laravel\\framework\\src\\Illuminate\\Database\\Connection.php(454): Illuminate\\Database\\Connection->statement('insert into `pr...', Array)
#5 E:\\xampp\\htdocs\\downgrade\\vendor\\laravel\\framework\\src\\Illuminate\\Database\\Query\\Processors\\Processor.php(32): Illuminate\\Database\\Connection->insert('insert into `pr...', Array)
#6 E:\\xampp\\htdocs\\downgrade\\vendor\\laravel\\framework\\src\\Illuminate\\Database\\Query\\Builder.php(3028): Illuminate\\Database\\Query\\Processors\\Processor->processInsertGetId(Object(Illuminate\\Database\\Query\\Builder), 'insert into `pr...', Array, 'id')
#7 E:\\xampp\\htdocs\\downgrade\\vendor\\laravel\\framework\\src\\Illuminate\\Database\\Eloquent\\Builder.php(1657): Illuminate\\Database\\Query\\Builder->insertGetId(Array, 'id')
#8 E:\\xampp\\htdocs\\downgrade\\vendor\\laravel\\framework\\src\\Illuminate\\Database\\Eloquent\\Model.php(1188): Illuminate\\Database\\Eloquent\\Builder->__call('insertGetId', Array)
#9 E:\\xampp\\htdocs\\downgrade\\vendor\\laravel\\framework\\src\\Illuminate\\Database\\Eloquent\\Model.php(1153): Illuminate\\Database\\Eloquent\\Model->insertAndSetId(Object(Illuminate\\Database\\Eloquent\\Builder), Array)
#10 E:\\xampp\\htdocs\\downgrade\\vendor\\laravel\\framework\\src\\Illuminate\\Database\\Eloquent\\Model.php(994): Illuminate\\Database\\Eloquent\\Model->performInsert(Object(Illuminate\\Database\\Eloquent\\Builder))
#11 E:\\xampp\\htdocs\\downgrade\\vendor\\laravel\\framework\\src\\Illuminate\\Database\\Eloquent\\Model.php(1023): Illuminate\\Database\\Eloquent\\Model->save(Array)
#12 E:\\xampp\\htdocs\\downgrade\\vendor\\laravel\\framework\\src\\Illuminate\\Database\\Concerns\\ManagesTransactions.php(29): Illuminate\\Database\\Eloquent\\Model->Illuminate\\Database\\Eloquent\\{closure}(Object(Illuminate\\Database\\MySqlConnection))
#13 E:\\xampp\\htdocs\\downgrade\\vendor\\laravel\\framework\\src\\Illuminate\\Database\\Eloquent\\Model.php(1024): Illuminate\\Database\\Connection->transaction(Object(Closure))
#14 E:\\xampp\\htdocs\\downgrade\\vendor\\maatwebsite\\excel\\src\\Imports\\ModelManager.php(152): Illuminate\\Database\\Eloquent\\Model->saveOrFail()
#15 E:\\xampp\\htdocs\\downgrade\\vendor\\laravel\\framework\\src\\Illuminate\\Collections\\Traits\\EnumeratesValues.php(245): Maatwebsite\\Excel\\Imports\\ModelManager->Maatwebsite\\Excel\\Imports\\{closure}(Object(DownGrade\\Models\\Import), 0)
#16 E:\\xampp\\htdocs\\downgrade\\vendor\\maatwebsite\\excel\\src\\Imports\\ModelManager.php(161): Illuminate\\Support\\Collection->each(Object(Closure))
#17 E:\\xampp\\htdocs\\downgrade\\vendor\\laravel\\framework\\src\\Illuminate\\Collections\\Traits\\EnumeratesValues.php(245): Maatwebsite\\Excel\\Imports\\ModelManager->Maatwebsite\\Excel\\Imports\\{closure}(Array, 13)
#18 E:\\xampp\\htdocs\\downgrade\\vendor\\maatwebsite\\excel\\src\\Imports\\ModelManager.php(162): Illuminate\\Support\\Collection->each(Object(Closure))
#19 E:\\xampp\\htdocs\\downgrade\\vendor\\maatwebsite\\excel\\src\\Imports\\ModelManager.php(73): Maatwebsite\\Excel\\Imports\\ModelManager->singleFlush(Object(DownGrade\\Models\\ImportProduct))
#20 E:\\xampp\\htdocs\\downgrade\\vendor\\maatwebsite\\excel\\src\\Imports\\ModelImporter.php(82): Maatwebsite\\Excel\\Imports\\ModelManager->flush(Object(DownGrade\\Models\\ImportProduct), false)
#21 E:\\xampp\\htdocs\\downgrade\\vendor\\maatwebsite\\excel\\src\\Sheet.php(258): Maatwebsite\\Excel\\Imports\\ModelImporter->import(Object(PhpOffice\\PhpSpreadsheet\\Worksheet\\Worksheet), Object(DownGrade\\Models\\ImportProduct), 1)
#22 E:\\xampp\\htdocs\\downgrade\\vendor\\maatwebsite\\excel\\src\\Reader.php(116): Maatwebsite\\Excel\\Sheet->import(Object(DownGrade\\Models\\ImportProduct), 1)
#23 E:\\xampp\\htdocs\\downgrade\\vendor\\laravel\\framework\\src\\Illuminate\\Database\\Concerns\\ManagesTransactions.php(29): Maatwebsite\\Excel\\Reader->Maatwebsite\\Excel\\{closure}(Object(Illuminate\\Database\\MySqlConnection))
#24 E:\\xampp\\htdocs\\downgrade\\vendor\\maatwebsite\\excel\\src\\Transactions\\DbTransactionHandler.php(30): Illuminate\\Database\\Connection->transaction(Object(Closure))
#25 E:\\xampp\\htdocs\\downgrade\\vendor\\maatwebsite\\excel\\src\\Reader.php(130): Maatwebsite\\Excel\\Transactions\\DbTransactionHandler->__invoke(Object(Closure))
#26 E:\\xampp\\htdocs\\downgrade\\vendor\\maatwebsite\\excel\\src\\Excel.php(146): Maatwebsite\\Excel\\Reader->read(Object(DownGrade\\Models\\ImportProduct), Object(Illuminate\\Http\\UploadedFile), 'Xlsx', NULL)
#27 E:\\xampp\\htdocs\\downgrade\\vendor\\laravel\\framework\\src\\Illuminate\\Support\\Facades\\Facade.php(261): Maatwebsite\\Excel\\Excel->import(Object(DownGrade\\Models\\ImportProduct), Object(Illuminate\\Http\\UploadedFile))
#28 E:\\xampp\\htdocs\\downgrade\\app\\Http\\Controllers\\Admin\\ImportExportController.php(60): Illuminate\\Support\\Facades\\Facade::__callStatic('import', Array)
#29 E:\\xampp\\htdocs\\downgrade\\vendor\\laravel\\framework\\src\\Illuminate\\Routing\\Controller.php(54): DownGrade\\Http\\Controllers\\Admin\\ImportExportController->products_import(Object(Illuminate\\Http\\Request))
#30 E:\\xampp\\htdocs\\downgrade\\vendor\\laravel\\framework\\src\\Illuminate\\Routing\\ControllerDispatcher.php(45): Illuminate\\Routing\\Controller->callAction('products_import', Array)
#31 E:\\xampp\\htdocs\\downgrade\\vendor\\laravel\\framework\\src\\Illuminate\\Routing\\Route.php(262): Illuminate\\Routing\\ControllerDispatcher->dispatch(Object(Illuminate\\Routing\\Route), Object(DownGrade\\Http\\Controllers\\Admin\\ImportExportController), 'products_import')
#32 E:\\xampp\\htdocs\\downgrade\\vendor\\laravel\\framework\\src\\Illuminate\\Routing\\Route.php(205): Illuminate\\Routing\\Route->runController()
#33 E:\\xampp\\htdocs\\downgrade\\vendor\\laravel\\framework\\src\\Illuminate\\Routing\\Router.php(721): Illuminate\\Routing\\Route->run()
#34 E:\\xampp\\htdocs\\downgrade\\vendor\\laravel\\framework\\src\\Illuminate\\Pipeline\\Pipeline.php(128): Illuminate\\Routing\\Router->Illuminate\\Routing\\{closure}(Object(Illuminate\\Http\\Request))
#35 E:\\xampp\\htdocs\\downgrade\\app\\Http\\Middleware\\HtmlMinifier.php(20): Illuminate\\Pipeline\\Pipeline->Illuminate\\Pipeline\\{closure}(Object(Illuminate\\Http\\Request))
#36 E:\\xampp\\htdocs\\downgrade\\vendor\\laravel\\framework\\src\\Illuminate\\Pipeline\\Pipeline.php(167): DownGrade\\Http\\Middleware\\HtmlMinifier->handle(Object(Illuminate\\Http\\Request), Object(Closure))
#37 E:\\xampp\\htdocs\\downgrade\\app\\Http\\Middleware\\XSS.php(24): Illuminate\\Pipeline\\Pipeline->Illuminate\\Pipeline\\{closure}(Object(Illuminate\\Http\\Request))
#38 E:\\xampp\\htdocs\\downgrade\\vendor\\laravel\\framework\\src\\Illuminate\\Pipeline\\Pipeline.php(167): DownGrade\\Http\\Middleware\\XSS->handle(Object(Illuminate\\Http\\Request), Object(Closure))
#39 E:\\xampp\\htdocs\\downgrade\\app\\Http\\Middleware\\IsAdmin.php(19): Illuminate\\Pipeline\\Pipeline->Illuminate\\Pipeline\\{closure}(Object(Illuminate\\Http\\Request))
#40 E:\\xampp\\htdocs\\downgrade\\vendor\\laravel\\framework\\src\\Illuminate\\Pipeline\\Pipeline.php(167): DownGrade\\Http\\Middleware\\IsAdmin->handle(Object(Illuminate\\Http\\Request), Object(Closure))
#41 E:\\xampp\\htdocs\\downgrade\\app\\Http\\Middleware\\Localization.php(22): Illuminate\\Pipeline\\Pipeline->Illuminate\\Pipeline\\{closure}(Object(Illuminate\\Http\\Request))
#42 E:\\xampp\\htdocs\\downgrade\\vendor\\laravel\\framework\\src\\Illuminate\\Pipeline\\Pipeline.php(167): DownGrade\\Http\\Middleware\\Localization->handle(Object(Illuminate\\Http\\Request), Object(Closure))
#43 E:\\xampp\\htdocs\\downgrade\\vendor\\laravel\\framework\\src\\Illuminate\\Routing\\Middleware\\SubstituteBindings.php(50): Illuminate\\Pipeline\\Pipeline->Illuminate\\Pipeline\\{closure}(Object(Illuminate\\Http\\Request))
#44 E:\\xampp\\htdocs\\downgrade\\vendor\\laravel\\framework\\src\\Illuminate\\Pipeline\\Pipeline.php(167): Illuminate\\Routing\\Middleware\\SubstituteBindings->handle(Object(Illuminate\\Http\\Request), Object(Closure))
#45 E:\\xampp\\htdocs\\downgrade\\vendor\\laravel\\framework\\src\\Illuminate\\Auth\\Middleware\\Authenticate.php(44): Illuminate\\Pipeline\\Pipeline->Illuminate\\Pipeline\\{closure}(Object(Illuminate\\Http\\Request))
#46 E:\\xampp\\htdocs\\downgrade\\vendor\\laravel\\framework\\src\\Illuminate\\Pipeline\\Pipeline.php(167): Illuminate\\Auth\\Middleware\\Authenticate->handle(Object(Illuminate\\Http\\Request), Object(Closure))
#47 E:\\xampp\\htdocs\\downgrade\\vendor\\laravel\\framework\\src\\Illuminate\\Foundation\\Http\\Middleware\\VerifyCsrfToken.php(78): Illuminate\\Pipeline\\Pipeline->Illuminate\\Pipeline\\{closure}(Object(Illuminate\\Http\\Request))
#48 E:\\xampp\\htdocs\\downgrade\\vendor\\laravel\\framework\\src\\Illuminate\\Pipeline\\Pipeline.php(167): Illuminate\\Foundation\\Http\\Middleware\\VerifyCsrfToken->handle(Object(Illuminate\\Http\\Request), Object(Closure))
#49 E:\\xampp\\htdocs\\downgrade\\vendor\\laravel\\framework\\src\\Illuminate\\View\\Middleware\\ShareErrorsFromSession.php(49): Illuminate\\Pipeline\\Pipeline->Illuminate\\Pipeline\\{closure}(Object(Illuminate\\Http\\Request))
#50 E:\\xampp\\htdocs\\downgrade\\vendor\\laravel\\framework\\src\\Illuminate\\Pipeline\\Pipeline.php(167): Illuminate\\View\\Middleware\\ShareErrorsFromSession->handle(Object(Illuminate\\Http\\Request), Object(Closure))
#51 E:\\xampp\\htdocs\\downgrade\\vendor\\laravel\\framework\\src\\Illuminate\\Session\\Middleware\\StartSession.php(121): Illuminate\\Pipeline\\Pipeline->Illuminate\\Pipeline\\{closure}(Object(Illuminate\\Http\\Request))
#52 E:\\xampp\\htdocs\\downgrade\\vendor\\laravel\\framework\\src\\Illuminate\\Session\\Middleware\\StartSession.php(64): Illuminate\\Session\\Middleware\\StartSession->handleStatefulRequest(Object(Illuminate\\Http\\Request), Object(Illuminate\\Session\\Store), Object(Closure))
#53 E:\\xampp\\htdocs\\downgrade\\vendor\\laravel\\framework\\src\\Illuminate\\Pipeline\\Pipeline.php(167): Illuminate\\Session\\Middleware\\StartSession->handle(Object(Illuminate\\Http\\Request), Object(Closure))
#54 E:\\xampp\\htdocs\\downgrade\\vendor\\laravel\\framework\\src\\Illuminate\\Cookie\\Middleware\\AddQueuedCookiesToResponse.php(37): Illuminate\\Pipeline\\Pipeline->Illuminate\\Pipeline\\{closure}(Object(Illuminate\\Http\\Request))
#55 E:\\xampp\\htdocs\\downgrade\\vendor\\laravel\\framework\\src\\Illuminate\\Pipeline\\Pipeline.php(167): Illuminate\\Cookie\\Middleware\\AddQueuedCookiesToResponse->handle(Object(Illuminate\\Http\\Request), Object(Closure))
#56 E:\\xampp\\htdocs\\downgrade\\vendor\\laravel\\framework\\src\\Illuminate\\Cookie\\Middleware\\EncryptCookies.php(67): Illuminate\\Pipeline\\Pipeline->Illuminate\\Pipeline\\{closure}(Object(Illuminate\\Http\\Request))
#57 E:\\xampp\\htdocs\\downgrade\\vendor\\laravel\\framework\\src\\Illuminate\\Pipeline\\Pipeline.php(167): Illuminate\\Cookie\\Middleware\\EncryptCookies->handle(Object(Illuminate\\Http\\Request), Object(Closure))
#58 E:\\xampp\\htdocs\\downgrade\\vendor\\laravel\\framework\\src\\Illuminate\\Pipeline\\Pipeline.php(103): Illuminate\\Pipeline\\Pipeline->Illuminate\\Pipeline\\{closure}(Object(Illuminate\\Http\\Request))
#59 E:\\xampp\\htdocs\\downgrade\\vendor\\laravel\\framework\\src\\Illuminate\\Routing\\Router.php(723): Illuminate\\Pipeline\\Pipeline->then(Object(Closure))
#60 E:\\xampp\\htdocs\\downgrade\\vendor\\laravel\\framework\\src\\Illuminate\\Routing\\Router.php(698): Illuminate\\Routing\\Router->runRouteWithinStack(Object(Illuminate\\Routing\\Route), Object(Illuminate\\Http\\Request))
#61 E:\\xampp\\htdocs\\downgrade\\vendor\\laravel\\framework\\src\\Illuminate\\Routing\\Router.php(662): Illuminate\\Routing\\Router->runRoute(Object(Illuminate\\Http\\Request), Object(Illuminate\\Routing\\Route))
#62 E:\\xampp\\htdocs\\downgrade\\vendor\\laravel\\framework\\src\\Illuminate\\Routing\\Router.php(651): Illuminate\\Routing\\Router->dispatchToRoute(Object(Illuminate\\Http\\Request))
#63 E:\\xampp\\htdocs\\downgrade\\vendor\\laravel\\framework\\src\\Illuminate\\Foundation\\Http\\Kernel.php(167): Illuminate\\Routing\\Router->dispatch(Object(Illuminate\\Http\\Request))
#64 E:\\xampp\\htdocs\\downgrade\\vendor\\laravel\\framework\\src\\Illuminate\\Pipeline\\Pipeline.php(128): Illuminate\\Foundation\\Http\\Kernel->Illuminate\\Foundation\\Http\\{closure}(Object(Illuminate\\Http\\Request))
#65 E:\\xampp\\htdocs\\downgrade\\app\\Http\\Middleware\\FrameHeadersMiddleware.php(20): Illuminate\\Pipeline\\Pipeline->Illuminate\\Pipeline\\{closure}(Object(Illuminate\\Http\\Request))
#66 E:\\xampp\\htdocs\\downgrade\\vendor\\laravel\\framework\\src\\Illuminate\\Pipeline\\Pipeline.php(167): DownGrade\\Http\\Middleware\\FrameHeadersMiddleware->handle(Object(Illuminate\\Http\\Request), Object(Closure))
#67 E:\\xampp\\htdocs\\downgrade\\vendor\\renatomarinho\\laravel-page-speed\\src\\Middleware\\PageSpeed.php(30): Illuminate\\Pipeline\\Pipeline->Illuminate\\Pipeline\\{closure}(Object(Illuminate\\Http\\Request))
#68 E:\\xampp\\htdocs\\downgrade\\vendor\\laravel\\framework\\src\\Illuminate\\Pipeline\\Pipeline.php(167): RenatoMarinho\\LaravelPageSpeed\\Middleware\\PageSpeed->handle(Object(Illuminate\\Http\\Request), Object(Closure))
#69 E:\\xampp\\htdocs\\downgrade\\vendor\\renatomarinho\\laravel-page-speed\\src\\Middleware\\PageSpeed.php(30): Illuminate\\Pipeline\\Pipeline->Illuminate\\Pipeline\\{closure}(Object(Illuminate\\Http\\Request))
#70 E:\\xampp\\htdocs\\downgrade\\vendor\\laravel\\framework\\src\\Illuminate\\Pipeline\\Pipeline.php(167): RenatoMarinho\\LaravelPageSpeed\\Middleware\\PageSpeed->handle(Object(Illuminate\\Http\\Request), Object(Closure))
#71 E:\\xampp\\htdocs\\downgrade\\vendor\\fideloper\\proxy\\src\\TrustProxies.php(57): Illuminate\\Pipeline\\Pipeline->Illuminate\\Pipeline\\{closure}(Object(Illuminate\\Http\\Request))
#72 E:\\xampp\\htdocs\\downgrade\\vendor\\laravel\\framework\\src\\Illuminate\\Pipeline\\Pipeline.php(167): Fideloper\\Proxy\\TrustProxies->handle(Object(Illuminate\\Http\\Request), Object(Closure))
#73 E:\\xampp\\htdocs\\downgrade\\vendor\\laravel\\framework\\src\\Illuminate\\Foundation\\Http\\Middleware\\TransformsRequest.php(21): Illuminate\\Pipeline\\Pipeline->Illuminate\\Pipeline\\{closure}(Object(Illuminate\\Http\\Request))
#74 E:\\xampp\\htdocs\\downgrade\\vendor\\laravel\\framework\\src\\Illuminate\\Foundation\\Http\\Middleware\\ConvertEmptyStringsToNull.php(31): Illuminate\\Foundation\\Http\\Middleware\\TransformsRequest->handle(Object(Illuminate\\Http\\Request), Object(Closure))
#75 E:\\xampp\\htdocs\\downgrade\\vendor\\laravel\\framework\\src\\Illuminate\\Pipeline\\Pipeline.php(167): Illuminate\\Foundation\\Http\\Middleware\\ConvertEmptyStringsToNull->handle(Object(Illuminate\\Http\\Request), Object(Closure))
#76 E:\\xampp\\htdocs\\downgrade\\app\\Http\\Middleware\\CheckReferral.php(20): Illuminate\\Pipeline\\Pipeline->Illuminate\\Pipeline\\{closure}(Object(Illuminate\\Http\\Request))
#77 E:\\xampp\\htdocs\\downgrade\\vendor\\laravel\\framework\\src\\Illuminate\\Pipeline\\Pipeline.php(167): DownGrade\\Http\\Middleware\\CheckReferral->handle(Object(Illuminate\\Http\\Request), Object(Closure))
#78 E:\\xampp\\htdocs\\downgrade\\vendor\\laravel\\framework\\src\\Illuminate\\Foundation\\Http\\Middleware\\TransformsRequest.php(21): Illuminate\\Pipeline\\Pipeline->Illuminate\\Pipeline\\{closure}(Object(Illuminate\\Http\\Request))
#79 E:\\xampp\\htdocs\\downgrade\\vendor\\laravel\\framework\\src\\Illuminate\\Foundation\\Http\\Middleware\\TrimStrings.php(40): Illuminate\\Foundation\\Http\\Middleware\\TransformsRequest->handle(Object(Illuminate\\Http\\Request), Object(Closure))
#80 E:\\xampp\\htdocs\\downgrade\\vendor\\laravel\\framework\\src\\Illuminate\\Pipeline\\Pipeline.php(167): Illuminate\\Foundation\\Http\\Middleware\\TrimStrings->handle(Object(Illuminate\\Http\\Request), Object(Closure))
#81 E:\\xampp\\htdocs\\downgrade\\vendor\\laravel\\framework\\src\\Illuminate\\Foundation\\Http\\Middleware\\ValidatePostSize.php(27): Illuminate\\Pipeline\\Pipeline->Illuminate\\Pipeline\\{closure}(Object(Illuminate\\Http\\Request))
#82 E:\\xampp\\htdocs\\downgrade\\vendor\\laravel\\framework\\src\\Illuminate\\Pipeline\\Pipeline.php(167): Illuminate\\Foundation\\Http\\Middleware\\ValidatePostSize->handle(Object(Illuminate\\Http\\Request), Object(Closure))
#83 E:\\xampp\\htdocs\\downgrade\\vendor\\laravel\\framework\\src\\Illuminate\\Foundation\\Http\\Middleware\\PreventRequestsDuringMaintenance.php(86): Illuminate\\Pipeline\\Pipeline->Illuminate\\Pipeline\\{closure}(Object(Illuminate\\Http\\Request))
#84 E:\\xampp\\htdocs\\downgrade\\vendor\\laravel\\framework\\src\\Illuminate\\Pipeline\\Pipeline.php(167): Illuminate\\Foundation\\Http\\Middleware\\PreventRequestsDuringMaintenance->handle(Object(Illuminate\\Http\\Request), Object(Closure))
#85 E:\\xampp\\htdocs\\downgrade\\vendor\\laravel\\framework\\src\\Illuminate\\Pipeline\\Pipeline.php(103): Illuminate\\Pipeline\\Pipeline->Illuminate\\Pipeline\\{closure}(Object(Illuminate\\Http\\Request))
#86 E:\\xampp\\htdocs\\downgrade\\vendor\\laravel\\framework\\src\\Illuminate\\Foundation\\Http\\Kernel.php(142): Illuminate\\Pipeline\\Pipeline->then(Object(Closure))
#87 E:\\xampp\\htdocs\\downgrade\\vendor\\laravel\\framework\\src\\Illuminate\\Foundation\\Http\\Kernel.php(111): Illuminate\\Foundation\\Http\\Kernel->sendRequestThroughRouter(Object(Illuminate\\Http\\Request))
#88 E:\\xampp\\htdocs\\downgrade\\index.php(54): Illuminate\\Foundation\\Http\\Kernel->handle(Object(Illuminate\\Http\\Request))
#89 {main}
"} 
